Comparing the execution time between the default library version of "MPI_Bcast()" and a custom implementation using only point-to-point communication...

2 : Original broadcast array[0 1 ... 99998 99999] = [0 0 ... 0 0]
2 : Initialized custom broadcast array[0 1 ... 99998 99999] = [-1 -1 ... -1 -1]
2 : Initialized MPI broadcast array[0 1 ... 99998 99999] = [-2 -2 ... -2 -2]
1 : Original broadcast array[0 1 ... 99998 99999] = [2.0898e+307 1.54167e+308 ... 1.1145e+308 7.33283e+306]

Using process 1 as the root to broadcast data to all other processes...
0 : Custom broadcast array[0 1 ... 99998 99999] = [2.0898e+307 1.54167e+308 ... 1.1145e+308 7.33283e+306]
1 : Custom broadcast array[0 1 ... 99998 99999] = [0 0 ... 0 0]
2 : Custom broadcast array[0 1 ... 99998 99999] = [2.0898e+307 1.54167e+308 ... 1.1145e+308 7.33283e+306]
3 : Custom broadcast array[0 1 ... 99998 99999] = [2.0898e+307 1.54167e+308 ... 1.1145e+308 7.33283e+306]
4 : Custom broadcast array[0 1 ... 99998 99999] = [2.0898e+307 1.54167e+308 ... 1.1145e+308 7.33283e+306]
5 : Custom broadcast array[0 1 ... 99998 99999] = [2.0898e+307 1.54167e+308 ... 1.1145e+308 7.33283e+306]
6 : Custom broadcast array[0 1 ... 99998 99999] = [2.0898e+307 1.54167e+308 ... 1.1145e+308 7.33283e+306]
7 : Custom broadcast array[0 1 ... 99998 99999] = [2.0898e+307 1.54167e+308 ... 1.1145e+308 7.33283e+306]
8 : Custom broadcast array[0 1 ... 99998 99999] = [2.0898e+307 1.54167e+308 ... 1.1145e+308 7.33283e+306]
9 : Custom broadcast array[0 1 ... 99998 99999] = [2.0898e+307 1.54167e+308 ... 1.1145e+308 7.33283e+306]
10 : Custom broadcast array[0 1 ... 99998 99999] = [2.0898e+307 1.54167e+308 ... 1.1145e+308 7.33283e+306]
11 : Custom broadcast array[0 1 ... 99998 99999] = [2.0898e+307 1.54167e+308 ... 1.1145e+308 7.33283e+306]

0 : Default MPI broadcast array[0 1 ... 99998 99999] = [2.0898e+307 1.54167e+308 ... 1.1145e+308 7.33283e+306]
1 : Default MPI broadcast array[0 1 ... 99998 99999] = [0 0 ... 0 0]
2 : Default MPI broadcast array[0 1 ... 99998 99999] = [2.0898e+307 1.54167e+308 ... 1.1145e+308 7.33283e+306]
3 : Default MPI broadcast array[0 1 ... 99998 99999] = [2.0898e+307 1.54167e+308 ... 1.1145e+308 7.33283e+306]
4 : Default MPI broadcast array[0 1 ... 99998 99999] = [2.0898e+307 1.54167e+308 ... 1.1145e+308 7.33283e+306]
5 : Default MPI broadcast array[0 1 ... 99998 99999] = [2.0898e+307 1.54167e+308 ... 1.1145e+308 7.33283e+306]
6 : Default MPI broadcast array[0 1 ... 99998 99999] = [2.0898e+307 1.54167e+308 ... 1.1145e+308 7.33283e+306]
7 : Default MPI broadcast array[0 1 ... 99998 99999] = [2.0898e+307 1.54167e+308 ... 1.1145e+308 7.33283e+306]
8 : Default MPI broadcast array[0 1 ... 99998 99999] = [2.0898e+307 1.54167e+308 ... 1.1145e+308 7.33283e+306]
9 : Default MPI broadcast array[0 1 ... 99998 99999] = [2.0898e+307 1.54167e+308 ... 1.1145e+308 7.33283e+306]
10 : Default MPI broadcast array[0 1 ... 99998 99999] = [2.0898e+307 1.54167e+308 ... 1.1145e+308 7.33283e+306]
11 : Default MPI broadcast array[0 1 ... 99998 99999] = [2.0898e+307 1.54167e+308 ... 1.1145e+308 7.33283e+306]

The custom and default broadcast implementations are equivalent.

The original broadcast array (org_Bcast_arr[]) was allocated and initialized with random double values in 0.005008 seconds.
The array was broadcasted to all other processes using "custom_Bcast()" in 0.002566 seconds.
The array was broadcasted to all other processes using "MPI_Bcast()" in 0.000677 seconds.

Number of nodes:
SLURM_JOB_NUM_NODES = 1.
Tasks per node:
SLURM_CPUS_ON_NODE = 12.
